2026-01-31 22:25:04 - === CVE 挖掘监控启动 ===
2026-01-31 22:25:04 - 检测到 CVE 挖掘任务已停止，正在重新启动...
2026-01-31 22:25:04 - 启动 CVE 挖掘任务...
2026-01-31 22:25:04 - CVE 挖掘任务已启动，PID: 73047
2026-01-31 22:25:04 - 等待 5 秒钟让任务稳定...
2026-01-31 22:26:09 - 检测到 CVE 挖掘任务已停止，正在重新启动...
2026-01-31 22:26:09 - 启动 CVE 挖掘任务...
2026-01-31 22:26:09 - CVE 挖掘任务已启动，PID: 73132
2026-01-31 22:26:09 - 等待 5 秒钟让任务稳定...
2026-01-31 22:27:14 - 检测到 CVE 挖掘任务已停止，正在重新启动...
2026-01-31 22:27:14 - 启动 CVE 挖掘任务...
2026-01-31 22:27:14 - CVE 挖掘任务已启动，PID: 73193
2026-01-31 22:27:14 - 等待 5 秒钟让任务稳定...
2026-01-31 22:28:19 - 检测到 CVE 挖掘任务已停止，正在重新启动...
2026-01-31 22:28:19 - 启动 CVE 挖掘任务...
2026-01-31 22:28:19 - CVE 挖掘任务已启动，PID: 73254
2026-01-31 22:28:19 - 等待 5 秒钟让任务稳定...
2026-01-31 22:29:24 - 检测到 CVE 挖掘任务已停止，正在重新启动...
2026-01-31 22:29:24 - 启动 CVE 挖掘任务...
2026-01-31 22:29:24 - CVE 挖掘任务已启动，PID: 73316
2026-01-31 22:29:24 - 等待 5 秒钟让任务稳定...
2026-01-31 22:30:29 - 检测到 CVE 挖掘任务已停止，正在重新启动...
2026-01-31 22:30:29 - 启动 CVE 挖掘任务...
2026-01-31 22:30:29 - CVE 挖掘任务已启动，PID: 73377
2026-01-31 22:30:29 - 等待 5 秒钟让任务稳定...
2026-01-31 22:31:34 - 检测到 CVE 挖掘任务已停止，正在重新启动...
2026-01-31 22:31:34 - 启动 CVE 挖掘任务...
2026-01-31 22:31:34 - CVE 挖掘任务已启动，PID: 73460
2026-01-31 22:31:34 - 等待 5 秒钟让任务稳定...
2026-01-31 22:32:39 - 检测到 CVE 挖掘任务已停止，正在重新启动...
2026-01-31 22:32:39 - 启动 CVE 挖掘任务...
2026-01-31 22:32:39 - CVE 挖掘任务已启动，PID: 73525
2026-01-31 22:32:39 - 等待 5 秒钟让任务稳定...
2026-01-31 22:33:44 - 检测到 CVE 挖掘任务已停止，正在重新启动...
2026-01-31 22:33:44 - 启动 CVE 挖掘任务...
2026-01-31 22:33:44 - CVE 挖掘任务已启动，PID: 73586
2026-01-31 22:33:44 - 等待 5 秒钟让任务稳定...
2026-01-31 22:34:49 - 检测到 CVE 挖掘任务已停止，正在重新启动...
2026-01-31 22:34:49 - 启动 CVE 挖掘任务...
2026-01-31 22:34:49 - CVE 挖掘任务已启动，PID: 73648
2026-01-31 22:34:49 - 等待 5 秒钟让任务稳定...
2026-01-31 22:35:54 - 检测到 CVE 挖掘任务已停止，正在重新启动...
2026-01-31 22:35:54 - 启动 CVE 挖掘任务...
2026-01-31 22:35:54 - CVE 挖掘任务已启动，PID: 73710
2026-01-31 22:35:54 - 等待 5 秒钟让任务稳定...
2026-01-31 22:36:59 - 检测到 CVE 挖掘任务已停止，正在重新启动...
2026-01-31 22:36:59 - 启动 CVE 挖掘任务...
2026-01-31 22:36:59 - CVE 挖掘任务已启动，PID: 73781
2026-01-31 22:36:59 - 等待 5 秒钟让任务稳定...
2026-01-31 22:38:04 - 检测到 CVE 挖掘任务已停止，正在重新启动...
2026-01-31 22:38:04 - 启动 CVE 挖掘任务...
2026-01-31 22:38:04 - CVE 挖掘任务已启动，PID: 73874
2026-01-31 22:38:04 - 等待 5 秒钟让任务稳定...
2026-01-31 22:39:09 - 检测到 CVE 挖掘任务已停止，正在重新启动...
2026-01-31 22:39:09 - 启动 CVE 挖掘任务...
2026-01-31 22:39:09 - CVE 挖掘任务已启动，PID: 73937
2026-01-31 22:39:09 - 等待 5 秒钟让任务稳定...
2026-01-31 22:40:14 - 检测到 CVE 挖掘任务已停止，正在重新启动...
2026-01-31 22:40:14 - 启动 CVE 挖掘任务...
2026-01-31 22:40:14 - CVE 挖掘任务已启动，PID: 73996
2026-01-31 22:40:14 - 等待 5 秒钟让任务稳定...
2026-01-31 22:41:19 - 检测到 CVE 挖掘任务已停止，正在重新启动...
2026-01-31 22:41:19 - 启动 CVE 挖掘任务...
2026-01-31 22:41:19 - CVE 挖掘任务已启动，PID: 74077
2026-01-31 22:41:19 - 等待 5 秒钟让任务稳定...
2026-01-31 22:42:24 - 检测到 CVE 挖掘任务已停止，正在重新启动...
2026-01-31 22:42:24 - 启动 CVE 挖掘任务...
2026-01-31 22:42:24 - CVE 挖掘任务已启动，PID: 74138
2026-01-31 22:42:24 - 等待 5 秒钟让任务稳定...
2026-01-31 22:43:29 - 检测到 CVE 挖掘任务已停止，正在重新启动...
2026-01-31 22:43:29 - 启动 CVE 挖掘任务...
2026-01-31 22:43:29 - CVE 挖掘任务已启动，PID: 74216
2026-01-31 22:43:29 - 等待 5 秒钟让任务稳定...
2026-01-31 22:44:34 - 检测到 CVE 挖掘任务已停止，正在重新启动...
2026-01-31 22:44:34 - 启动 CVE 挖掘任务...
2026-01-31 22:44:34 - CVE 挖掘任务已启动，PID: 74277
2026-01-31 22:44:34 - 等待 5 秒钟让任务稳定...
2026-01-31 22:45:39 - 检测到 CVE 挖掘任务已停止，正在重新启动...
2026-01-31 22:45:40 - 启动 CVE 挖掘任务...
2026-01-31 22:45:40 - CVE 挖掘任务已启动，PID: 74337
2026-01-31 22:45:40 - 等待 5 秒钟让任务稳定...
2026-01-31 22:46:45 - 检测到 CVE 挖掘任务已停止，正在重新启动...
2026-01-31 22:46:45 - 启动 CVE 挖掘任务...
2026-01-31 22:46:45 - CVE 挖掘任务已启动，PID: 74396
2026-01-31 22:46:45 - 等待 5 秒钟让任务稳定...
2026-01-31 22:47:50 - 检测到 CVE 挖掘任务已停止，正在重新启动...
2026-01-31 22:47:50 - 启动 CVE 挖掘任务...
2026-01-31 22:47:50 - CVE 挖掘任务已启动，PID: 74457
2026-01-31 22:47:50 - 等待 5 秒钟让任务稳定...
2026-01-31 22:48:55 - 检测到 CVE 挖掘任务已停止，正在重新启动...
2026-01-31 22:48:55 - 启动 CVE 挖掘任务...
2026-01-31 22:48:55 - CVE 挖掘任务已启动，PID: 74538
2026-01-31 22:48:55 - 等待 5 秒钟让任务稳定...
2026-01-31 22:50:00 - 检测到 CVE 挖掘任务已停止，正在重新启动...
2026-01-31 22:50:00 - 启动 CVE 挖掘任务...
2026-01-31 22:50:00 - CVE 挖掘任务已启动，PID: 74599
2026-01-31 22:50:00 - 等待 5 秒钟让任务稳定...
2026-01-31 22:51:05 - 检测到 CVE 挖掘任务已停止，正在重新启动...
2026-01-31 22:51:05 - 启动 CVE 挖掘任务...
2026-01-31 22:51:05 - CVE 挖掘任务已启动，PID: 74678
2026-01-31 22:51:05 - 等待 5 秒钟让任务稳定...
2026-01-31 22:52:10 - 检测到 CVE 挖掘任务已停止，正在重新启动...
2026-01-31 22:52:10 - 启动 CVE 挖掘任务...
2026-01-31 22:52:10 - CVE 挖掘任务已启动，PID: 74740
2026-01-31 22:52:10 - 等待 5 秒钟让任务稳定...
2026-01-31 22:53:15 - 检测到 CVE 挖掘任务已停止，正在重新启动...
2026-01-31 22:53:15 - 启动 CVE 挖掘任务...
2026-01-31 22:53:15 - CVE 挖掘任务已启动，PID: 74811
2026-01-31 22:53:15 - 等待 5 秒钟让任务稳定...
2026-01-31 22:54:20 - 检测到 CVE 挖掘任务已停止，正在重新启动...
2026-01-31 22:54:20 - 启动 CVE 挖掘任务...
2026-01-31 22:54:20 - CVE 挖掘任务已启动，PID: 74891
2026-01-31 22:54:20 - 等待 5 秒钟让任务稳定...
2026-01-31 22:55:25 - 检测到 CVE 挖掘任务已停止，正在重新启动...
2026-01-31 22:55:25 - 启动 CVE 挖掘任务...
2026-01-31 22:55:25 - CVE 挖掘任务已启动，PID: 74951
2026-01-31 22:55:25 - 等待 5 秒钟让任务稳定...
2026-01-31 22:56:30 - 检测到 CVE 挖掘任务已停止，正在重新启动...
2026-01-31 22:56:30 - 启动 CVE 挖掘任务...
2026-01-31 22:56:30 - CVE 挖掘任务已启动，PID: 75010
2026-01-31 22:56:30 - 等待 5 秒钟让任务稳定...
2026-01-31 22:57:35 - 检测到 CVE 挖掘任务已停止，正在重新启动...
2026-01-31 22:57:35 - 启动 CVE 挖掘任务...
2026-01-31 22:57:35 - CVE 挖掘任务已启动，PID: 75069
2026-01-31 22:57:35 - 等待 5 秒钟让任务稳定...
2026-01-31 22:58:40 - 检测到 CVE 挖掘任务已停止，正在重新启动...
2026-01-31 22:58:40 - 启动 CVE 挖掘任务...
2026-01-31 22:58:40 - CVE 挖掘任务已启动，PID: 75130
2026-01-31 22:58:40 - 等待 5 秒钟让任务稳定...
2026-01-31 22:59:45 - 检测到 CVE 挖掘任务已停止，正在重新启动...
2026-01-31 22:59:45 - 启动 CVE 挖掘任务...
2026-01-31 22:59:45 - CVE 挖掘任务已启动，PID: 75218
2026-01-31 22:59:45 - 等待 5 秒钟让任务稳定...
2026-01-31 23:00:50 - 检测到 CVE 挖掘任务已停止，正在重新启动...
2026-01-31 23:00:50 - 启动 CVE 挖掘任务...
2026-01-31 23:00:50 - CVE 挖掘任务已启动，PID: 75295
2026-01-31 23:00:50 - 等待 5 秒钟让任务稳定...
2026-01-31 23:01:55 - 检测到 CVE 挖掘任务已停止，正在重新启动...
2026-01-31 23:01:55 - 启动 CVE 挖掘任务...
2026-01-31 23:01:55 - CVE 挖掘任务已启动，PID: 75357
2026-01-31 23:01:55 - 等待 5 秒钟让任务稳定...
2026-01-31 23:03:00 - 检测到 CVE 挖掘任务已停止，正在重新启动...
2026-01-31 23:03:00 - 启动 CVE 挖掘任务...
2026-01-31 23:03:00 - CVE 挖掘任务已启动，PID: 75417
2026-01-31 23:03:00 - 等待 5 秒钟让任务稳定...
2026-01-31 23:04:05 - 检测到 CVE 挖掘任务已停止，正在重新启动...
2026-01-31 23:04:05 - 启动 CVE 挖掘任务...
2026-01-31 23:04:05 - CVE 挖掘任务已启动，PID: 75477
2026-01-31 23:04:05 - 等待 5 秒钟让任务稳定...
2026-01-31 23:05:10 - 检测到 CVE 挖掘任务已停止，正在重新启动...
2026-01-31 23:05:10 - 启动 CVE 挖掘任务...
2026-01-31 23:05:10 - CVE 挖掘任务已启动，PID: 75559
2026-01-31 23:05:10 - 等待 5 秒钟让任务稳定...
2026-01-31 23:06:15 - 检测到 CVE 挖掘任务已停止，正在重新启动...
2026-01-31 23:06:15 - 启动 CVE 挖掘任务...
2026-01-31 23:06:15 - CVE 挖掘任务已启动，PID: 75619
2026-01-31 23:06:15 - 等待 5 秒钟让任务稳定...
2026-01-31 23:07:20 - 检测到 CVE 挖掘任务已停止，正在重新启动...
2026-01-31 23:07:20 - 启动 CVE 挖掘任务...
2026-01-31 23:07:20 - CVE 挖掘任务已启动，PID: 75681
2026-01-31 23:07:20 - 等待 5 秒钟让任务稳定...
2026-01-31 23:08:25 - 检测到 CVE 挖掘任务已停止，正在重新启动...
2026-01-31 23:08:25 - 启动 CVE 挖掘任务...
2026-01-31 23:08:25 - CVE 挖掘任务已启动，PID: 75744
2026-01-31 23:08:25 - 等待 5 秒钟让任务稳定...
2026-01-31 23:09:30 - 检测到 CVE 挖掘任务已停止，正在重新启动...
2026-01-31 23:09:30 - 启动 CVE 挖掘任务...
2026-01-31 23:09:30 - CVE 挖掘任务已启动，PID: 75812
2026-01-31 23:09:30 - 等待 5 秒钟让任务稳定...
2026-01-31 23:10:35 - 检测到 CVE 挖掘任务已停止，正在重新启动...
2026-01-31 23:10:35 - 启动 CVE 挖掘任务...
2026-01-31 23:10:35 - CVE 挖掘任务已启动，PID: 75910
2026-01-31 23:10:35 - 等待 5 秒钟让任务稳定...
2026-01-31 23:11:40 - 检测到 CVE 挖掘任务已停止，正在重新启动...
2026-01-31 23:11:40 - 启动 CVE 挖掘任务...
2026-01-31 23:11:40 - CVE 挖掘任务已启动，PID: 75974
2026-01-31 23:11:40 - 等待 5 秒钟让任务稳定...
2026-01-31 23:12:45 - 检测到 CVE 挖掘任务已停止，正在重新启动...
2026-01-31 23:12:45 - 启动 CVE 挖掘任务...
2026-01-31 23:12:45 - CVE 挖掘任务已启动，PID: 76032
2026-01-31 23:12:45 - 等待 5 秒钟让任务稳定...
2026-01-31 23:13:51 - 检测到 CVE 挖掘任务已停止，正在重新启动...
2026-01-31 23:13:51 - 启动 CVE 挖掘任务...
2026-01-31 23:13:51 - CVE 挖掘任务已启动，PID: 76095
2026-01-31 23:13:51 - 等待 5 秒钟让任务稳定...
2026-01-31 23:14:56 - 检测到 CVE 挖掘任务已停止，正在重新启动...
2026-01-31 23:14:56 - 启动 CVE 挖掘任务...
2026-01-31 23:14:56 - CVE 挖掘任务已启动，PID: 76156
2026-01-31 23:14:56 - 等待 5 秒钟让任务稳定...
2026-01-31 23:16:01 - 检测到 CVE 挖掘任务已停止，正在重新启动...
2026-01-31 23:16:01 - 启动 CVE 挖掘任务...
2026-01-31 23:16:01 - CVE 挖掘任务已启动，PID: 76220
2026-01-31 23:16:01 - 等待 5 秒钟让任务稳定...
2026-01-31 23:17:06 - 检测到 CVE 挖掘任务已停止，正在重新启动...
2026-01-31 23:17:06 - 启动 CVE 挖掘任务...
2026-01-31 23:17:06 - CVE 挖掘任务已启动，PID: 76282
2026-01-31 23:17:06 - 等待 5 秒钟让任务稳定...
2026-01-31 23:18:11 - 检测到 CVE 挖掘任务已停止，正在重新启动...
2026-01-31 23:18:11 - 启动 CVE 挖掘任务...
2026-01-31 23:18:11 - CVE 挖掘任务已启动，PID: 76345
2026-01-31 23:18:11 - 等待 5 秒钟让任务稳定...
2026-01-31 23:19:16 - 检测到 CVE 挖掘任务已停止，正在重新启动...
2026-01-31 23:19:16 - 启动 CVE 挖掘任务...
2026-01-31 23:19:16 - CVE 挖掘任务已启动，PID: 76405
2026-01-31 23:19:16 - 等待 5 秒钟让任务稳定...
2026-01-31 23:20:21 - 检测到 CVE 挖掘任务已停止，正在重新启动...
2026-01-31 23:20:21 - 启动 CVE 挖掘任务...
2026-01-31 23:20:21 - CVE 挖掘任务已启动，PID: 76489
2026-01-31 23:20:21 - 等待 5 秒钟让任务稳定...
2026-01-31 23:21:26 - 检测到 CVE 挖掘任务已停止，正在重新启动...
2026-01-31 23:21:26 - 启动 CVE 挖掘任务...
2026-01-31 23:21:26 - CVE 挖掘任务已启动，PID: 76568
2026-01-31 23:21:26 - 等待 5 秒钟让任务稳定...
2026-01-31 23:22:31 - 检测到 CVE 挖掘任务已停止，正在重新启动...
2026-01-31 23:22:31 - 启动 CVE 挖掘任务...
2026-01-31 23:22:31 - CVE 挖掘任务已启动，PID: 76647
2026-01-31 23:22:31 - 等待 5 秒钟让任务稳定...
2026-01-31 23:23:36 - 检测到 CVE 挖掘任务已停止，正在重新启动...
2026-01-31 23:23:36 - 启动 CVE 挖掘任务...
2026-01-31 23:23:36 - CVE 挖掘任务已启动，PID: 76724
2026-01-31 23:23:36 - 等待 5 秒钟让任务稳定...
2026-01-31 23:24:41 - 检测到 CVE 挖掘任务已停止，正在重新启动...
2026-01-31 23:24:41 - 启动 CVE 挖掘任务...
2026-01-31 23:24:41 - CVE 挖掘任务已启动，PID: 76877
2026-01-31 23:24:41 - 等待 5 秒钟让任务稳定...
2026-01-31 23:25:46 - 检测到 CVE 挖掘任务已停止，正在重新启动...
2026-01-31 23:25:46 - 启动 CVE 挖掘任务...
2026-01-31 23:25:46 - CVE 挖掘任务已启动，PID: 76946
2026-01-31 23:25:46 - 等待 5 秒钟让任务稳定...
2026-01-31 23:26:51 - 检测到 CVE 挖掘任务已停止，正在重新启动...
2026-01-31 23:26:51 - 启动 CVE 挖掘任务...
2026-01-31 23:26:51 - CVE 挖掘任务已启动，PID: 77006
2026-01-31 23:26:51 - 等待 5 秒钟让任务稳定...
2026-01-31 23:27:56 - 检测到 CVE 挖掘任务已停止，正在重新启动...
2026-01-31 23:27:56 - 启动 CVE 挖掘任务...
2026-01-31 23:27:56 - CVE 挖掘任务已启动，PID: 77067
2026-01-31 23:27:56 - 等待 5 秒钟让任务稳定...
2026-01-31 23:29:01 - 检测到 CVE 挖掘任务已停止，正在重新启动...
2026-01-31 23:29:01 - 启动 CVE 挖掘任务...
2026-01-31 23:29:01 - CVE 挖掘任务已启动，PID: 77131
2026-01-31 23:29:01 - 等待 5 秒钟让任务稳定...
2026-01-31 23:30:06 - 检测到 CVE 挖掘任务已停止，正在重新启动...
2026-01-31 23:30:06 - 启动 CVE 挖掘任务...
2026-01-31 23:30:06 - CVE 挖掘任务已启动，PID: 77211
2026-01-31 23:30:06 - 等待 5 秒钟让任务稳定...
2026-01-31 23:31:11 - 检测到 CVE 挖掘任务已停止，正在重新启动...
2026-01-31 23:31:11 - 启动 CVE 挖掘任务...
2026-01-31 23:31:11 - CVE 挖掘任务已启动，PID: 77292
2026-01-31 23:31:11 - 等待 5 秒钟让任务稳定...
2026-01-31 23:32:16 - 检测到 CVE 挖掘任务已停止，正在重新启动...
2026-01-31 23:32:16 - 启动 CVE 挖掘任务...
2026-01-31 23:32:16 - CVE 挖掘任务已启动，PID: 77351
2026-01-31 23:32:16 - 等待 5 秒钟让任务稳定...
2026-01-31 23:33:21 - 检测到 CVE 挖掘任务已停止，正在重新启动...
2026-01-31 23:33:21 - 启动 CVE 挖掘任务...
2026-01-31 23:33:21 - CVE 挖掘任务已启动，PID: 77413
2026-01-31 23:33:21 - 等待 5 秒钟让任务稳定...
2026-01-31 23:34:26 - 检测到 CVE 挖掘任务已停止，正在重新启动...
2026-01-31 23:34:26 - 启动 CVE 挖掘任务...
2026-01-31 23:34:26 - CVE 挖掘任务已启动，PID: 77471
2026-01-31 23:34:26 - 等待 5 秒钟让任务稳定...
2026-01-31 23:35:31 - 检测到 CVE 挖掘任务已停止，正在重新启动...
2026-01-31 23:35:31 - 启动 CVE 挖掘任务...
2026-01-31 23:35:31 - CVE 挖掘任务已启动，PID: 77551
2026-01-31 23:35:31 - 等待 5 秒钟让任务稳定...
2026-01-31 23:36:36 - 检测到 CVE 挖掘任务已停止，正在重新启动...
2026-01-31 23:36:36 - 启动 CVE 挖掘任务...
2026-01-31 23:36:36 - CVE 挖掘任务已启动，PID: 77612
2026-01-31 23:36:36 - 等待 5 秒钟让任务稳定...
2026-01-31 23:37:41 - 检测到 CVE 挖掘任务已停止，正在重新启动...
2026-01-31 23:37:41 - 启动 CVE 挖掘任务...
2026-01-31 23:37:41 - CVE 挖掘任务已启动，PID: 77672
2026-01-31 23:37:41 - 等待 5 秒钟让任务稳定...
2026-01-31 23:38:46 - 检测到 CVE 挖掘任务已停止，正在重新启动...
2026-01-31 23:38:46 - 启动 CVE 挖掘任务...
2026-01-31 23:38:46 - CVE 挖掘任务已启动，PID: 77746
2026-01-31 23:38:46 - 等待 5 秒钟让任务稳定...
2026-01-31 23:39:51 - 检测到 CVE 挖掘任务已停止，正在重新启动...
2026-01-31 23:39:51 - 启动 CVE 挖掘任务...
2026-01-31 23:39:51 - CVE 挖掘任务已启动，PID: 77807
2026-01-31 23:39:51 - 等待 5 秒钟让任务稳定...
2026-01-31 23:40:56 - 检测到 CVE 挖掘任务已停止，正在重新启动...
2026-01-31 23:40:56 - 启动 CVE 挖掘任务...
2026-01-31 23:40:56 - CVE 挖掘任务已启动，PID: 77910
2026-01-31 23:40:56 - 等待 5 秒钟让任务稳定...
2026-01-31 23:42:02 - 检测到 CVE 挖掘任务已停止，正在重新启动...
2026-01-31 23:42:02 - 启动 CVE 挖掘任务...
2026-01-31 23:42:02 - CVE 挖掘任务已启动，PID: 77969
2026-01-31 23:42:02 - 等待 5 秒钟让任务稳定...
2026-01-31 23:43:07 - 检测到 CVE 挖掘任务已停止，正在重新启动...
2026-01-31 23:43:07 - 启动 CVE 挖掘任务...
2026-01-31 23:43:07 - CVE 挖掘任务已启动，PID: 78029
2026-01-31 23:43:07 - 等待 5 秒钟让任务稳定...
2026-01-31 23:44:12 - 检测到 CVE 挖掘任务已停止，正在重新启动...
2026-01-31 23:44:12 - 启动 CVE 挖掘任务...
2026-01-31 23:44:12 - CVE 挖掘任务已启动，PID: 78088
2026-01-31 23:44:12 - 等待 5 秒钟让任务稳定...
2026-01-31 23:45:17 - 检测到 CVE 挖掘任务已停止，正在重新启动...
2026-01-31 23:45:17 - 启动 CVE 挖掘任务...
2026-01-31 23:45:17 - CVE 挖掘任务已启动，PID: 78151
2026-01-31 23:45:17 - 等待 5 秒钟让任务稳定...
2026-01-31 23:46:22 - 检测到 CVE 挖掘任务已停止，正在重新启动...
2026-01-31 23:46:22 - 启动 CVE 挖掘任务...
2026-01-31 23:46:22 - CVE 挖掘任务已启动，PID: 78231
2026-01-31 23:46:22 - 等待 5 秒钟让任务稳定...
2026-01-31 23:47:27 - 检测到 CVE 挖掘任务已停止，正在重新启动...
2026-01-31 23:47:27 - 启动 CVE 挖掘任务...
2026-01-31 23:47:27 - CVE 挖掘任务已启动，PID: 78304
2026-01-31 23:47:27 - 等待 5 秒钟让任务稳定...
2026-01-31 23:48:32 - 检测到 CVE 挖掘任务已停止，正在重新启动...
2026-01-31 23:48:32 - 启动 CVE 挖掘任务...
2026-01-31 23:48:32 - CVE 挖掘任务已启动，PID: 78364
2026-01-31 23:48:32 - 等待 5 秒钟让任务稳定...
2026-01-31 23:49:37 - 检测到 CVE 挖掘任务已停止，正在重新启动...
2026-01-31 23:49:37 - 启动 CVE 挖掘任务...
2026-01-31 23:49:37 - CVE 挖掘任务已启动，PID: 78425
2026-01-31 23:49:37 - 等待 5 秒钟让任务稳定...
2026-01-31 23:50:42 - 检测到 CVE 挖掘任务已停止，正在重新启动...
2026-01-31 23:50:42 - 启动 CVE 挖掘任务...
2026-01-31 23:50:42 - CVE 挖掘任务已启动，PID: 78515
2026-01-31 23:50:42 - 等待 5 秒钟让任务稳定...
2026-01-31 23:51:47 - 检测到 CVE 挖掘任务已停止，正在重新启动...
2026-01-31 23:51:47 - 启动 CVE 挖掘任务...
2026-01-31 23:51:47 - CVE 挖掘任务已启动，PID: 78586
2026-01-31 23:51:47 - 等待 5 秒钟让任务稳定...
2026-01-31 23:52:52 - 检测到 CVE 挖掘任务已停止，正在重新启动...
2026-01-31 23:52:52 - 启动 CVE 挖掘任务...
2026-01-31 23:52:52 - CVE 挖掘任务已启动，PID: 78647
2026-01-31 23:52:52 - 等待 5 秒钟让任务稳定...
2026-01-31 23:53:57 - 检测到 CVE 挖掘任务已停止，正在重新启动...
2026-01-31 23:53:57 - 启动 CVE 挖掘任务...
2026-01-31 23:53:57 - CVE 挖掘任务已启动，PID: 78720
2026-01-31 23:53:57 - 等待 5 秒钟让任务稳定...
2026-01-31 23:55:02 - 检测到 CVE 挖掘任务已停止，正在重新启动...
2026-01-31 23:55:02 - 启动 CVE 挖掘任务...
2026-01-31 23:55:02 - CVE 挖掘任务已启动，PID: 78779
2026-01-31 23:55:02 - 等待 5 秒钟让任务稳定...
2026-01-31 23:56:07 - 检测到 CVE 挖掘任务已停止，正在重新启动...
2026-01-31 23:56:07 - 启动 CVE 挖掘任务...
2026-01-31 23:56:07 - CVE 挖掘任务已启动，PID: 78858
2026-01-31 23:56:07 - 等待 5 秒钟让任务稳定...
2026-01-31 23:57:12 - 检测到 CVE 挖掘任务已停止，正在重新启动...
2026-01-31 23:57:12 - 启动 CVE 挖掘任务...
2026-01-31 23:57:12 - CVE 挖掘任务已启动，PID: 78921
2026-01-31 23:57:12 - 等待 5 秒钟让任务稳定...
2026-01-31 23:58:17 - 检测到 CVE 挖掘任务已停止，正在重新启动...
2026-01-31 23:58:17 - 启动 CVE 挖掘任务...
2026-01-31 23:58:17 - CVE 挖掘任务已启动，PID: 78982
2026-01-31 23:58:17 - 等待 5 秒钟让任务稳定...
2026-01-31 23:59:22 - 检测到 CVE 挖掘任务已停止，正在重新启动...
2026-01-31 23:59:22 - 启动 CVE 挖掘任务...
2026-01-31 23:59:22 - CVE 挖掘任务已启动，PID: 79052
2026-01-31 23:59:22 - 等待 5 秒钟让任务稳定...
2026-02-01 00:00:27 - 检测到 CVE 挖掘任务已停止，正在重新启动...
2026-02-01 00:00:27 - 启动 CVE 挖掘任务...
2026-02-01 00:00:27 - CVE 挖掘任务已启动，PID: 79121
2026-02-01 00:00:27 - 等待 5 秒钟让任务稳定...
2026-02-01 00:01:32 - 检测到 CVE 挖掘任务已停止，正在重新启动...
2026-02-01 00:01:32 - 启动 CVE 挖掘任务...
2026-02-01 00:01:32 - CVE 挖掘任务已启动，PID: 79226
2026-02-01 00:01:32 - 等待 5 秒钟让任务稳定...
2026-02-01 00:02:37 - 检测到 CVE 挖掘任务已停止，正在重新启动...
2026-02-01 00:02:37 - 启动 CVE 挖掘任务...
2026-02-01 00:02:37 - CVE 挖掘任务已启动，PID: 79291
2026-02-01 00:02:37 - 等待 5 秒钟让任务稳定...
2026-02-01 00:03:42 - 检测到 CVE 挖掘任务已停止，正在重新启动...
2026-02-01 00:03:42 - 启动 CVE 挖掘任务...
2026-02-01 00:03:42 - CVE 挖掘任务已启动，PID: 79352
2026-02-01 00:03:42 - 等待 5 秒钟让任务稳定...
2026-02-01 00:04:47 - 检测到 CVE 挖掘任务已停止，正在重新启动...
2026-02-01 00:04:47 - 启动 CVE 挖掘任务...
2026-02-01 00:04:47 - CVE 挖掘任务已启动，PID: 79415
2026-02-01 00:04:47 - 等待 5 秒钟让任务稳定...
2026-02-01 00:05:52 - 检测到 CVE 挖掘任务已停止，正在重新启动...
2026-02-01 00:05:52 - 启动 CVE 挖掘任务...
2026-02-01 00:05:52 - CVE 挖掘任务已启动，PID: 79477
2026-02-01 00:05:52 - 等待 5 秒钟让任务稳定...
2026-02-01 00:06:57 - 检测到 CVE 挖掘任务已停止，正在重新启动...
2026-02-01 00:06:57 - 启动 CVE 挖掘任务...
2026-02-01 00:06:57 - CVE 挖掘任务已启动，PID: 79558
2026-02-01 00:06:57 - 等待 5 秒钟让任务稳定...
2026-02-01 00:08:02 - 检测到 CVE 挖掘任务已停止，正在重新启动...
2026-02-01 00:08:02 - 启动 CVE 挖掘任务...
2026-02-01 00:08:02 - CVE 挖掘任务已启动，PID: 79620
2026-02-01 00:08:02 - 等待 5 秒钟让任务稳定...
2026-02-01 00:09:07 - 检测到 CVE 挖掘任务已停止，正在重新启动...
2026-02-01 00:09:07 - 启动 CVE 挖掘任务...
2026-02-01 00:09:07 - CVE 挖掘任务已启动，PID: 79682
2026-02-01 00:09:07 - 等待 5 秒钟让任务稳定...
2026-02-01 00:10:13 - 检测到 CVE 挖掘任务已停止，正在重新启动...
2026-02-01 00:10:13 - 启动 CVE 挖掘任务...
2026-02-01 00:10:13 - CVE 挖掘任务已启动，PID: 79765
2026-02-01 00:10:13 - 等待 5 秒钟让任务稳定...
2026-02-01 00:11:18 - 检测到 CVE 挖掘任务已停止，正在重新启动...
2026-02-01 00:11:18 - 启动 CVE 挖掘任务...
2026-02-01 00:11:18 - CVE 挖掘任务已启动，PID: 79848
2026-02-01 00:11:18 - 等待 5 秒钟让任务稳定...
2026-02-01 00:12:23 - 检测到 CVE 挖掘任务已停止，正在重新启动...
2026-02-01 00:12:23 - 启动 CVE 挖掘任务...
2026-02-01 00:12:23 - CVE 挖掘任务已启动，PID: 79928
2026-02-01 00:12:23 - 等待 5 秒钟让任务稳定...
2026-02-01 00:13:28 - 检测到 CVE 挖掘任务已停止，正在重新启动...
2026-02-01 00:13:28 - 启动 CVE 挖掘任务...
2026-02-01 00:13:28 - CVE 挖掘任务已启动，PID: 79986
2026-02-01 00:13:28 - 等待 5 秒钟让任务稳定...
2026-02-01 00:14:33 - 检测到 CVE 挖掘任务已停止，正在重新启动...
2026-02-01 00:14:33 - 启动 CVE 挖掘任务...
2026-02-01 00:14:33 - CVE 挖掘任务已启动，PID: 80048
2026-02-01 00:14:33 - 等待 5 秒钟让任务稳定...
2026-02-01 00:15:38 - 检测到 CVE 挖掘任务已停止，正在重新启动...
2026-02-01 00:15:38 - 启动 CVE 挖掘任务...
2026-02-01 00:15:38 - CVE 挖掘任务已启动，PID: 80111
2026-02-01 00:15:38 - 等待 5 秒钟让任务稳定...
2026-02-01 00:16:43 - 检测到 CVE 挖掘任务已停止，正在重新启动...
2026-02-01 00:16:43 - 启动 CVE 挖掘任务...
2026-02-01 00:16:43 - CVE 挖掘任务已启动，PID: 80179
2026-02-01 00:16:43 - 等待 5 秒钟让任务稳定...
2026-02-01 00:17:48 - 检测到 CVE 挖掘任务已停止，正在重新启动...
2026-02-01 00:17:48 - 启动 CVE 挖掘任务...
2026-02-01 00:17:48 - CVE 挖掘任务已启动，PID: 80257
2026-02-01 00:17:48 - 等待 5 秒钟让任务稳定...
2026-02-01 00:18:53 - 检测到 CVE 挖掘任务已停止，正在重新启动...
2026-02-01 00:18:53 - 启动 CVE 挖掘任务...
2026-02-01 00:18:53 - CVE 挖掘任务已启动，PID: 80318
2026-02-01 00:18:53 - 等待 5 秒钟让任务稳定...
2026-02-01 00:19:58 - 检测到 CVE 挖掘任务已停止，正在重新启动...
2026-02-01 00:19:58 - 启动 CVE 挖掘任务...
2026-02-01 00:19:58 - CVE 挖掘任务已启动，PID: 80387
2026-02-01 00:19:58 - 等待 5 秒钟让任务稳定...
2026-02-01 00:21:03 - 检测到 CVE 挖掘任务已停止，正在重新启动...
2026-02-01 00:21:03 - 启动 CVE 挖掘任务...
2026-02-01 00:21:03 - CVE 挖掘任务已启动，PID: 80466
2026-02-01 00:21:03 - 等待 5 秒钟让任务稳定...
2026-02-01 00:22:08 - 检测到 CVE 挖掘任务已停止，正在重新启动...
2026-02-01 00:22:08 - 启动 CVE 挖掘任务...
2026-02-01 00:22:08 - CVE 挖掘任务已启动，PID: 80540
2026-02-01 00:22:08 - 等待 5 秒钟让任务稳定...
2026-02-01 00:23:13 - 检测到 CVE 挖掘任务已停止，正在重新启动...
2026-02-01 00:23:13 - 启动 CVE 挖掘任务...
2026-02-01 00:23:13 - CVE 挖掘任务已启动，PID: 80618
2026-02-01 00:23:13 - 等待 5 秒钟让任务稳定...
2026-02-01 00:24:18 - 检测到 CVE 挖掘任务已停止，正在重新启动...
2026-02-01 00:24:18 - 启动 CVE 挖掘任务...
2026-02-01 00:24:18 - CVE 挖掘任务已启动，PID: 80699
2026-02-01 00:24:18 - 等待 5 秒钟让任务稳定...
2026-02-01 00:25:23 - 检测到 CVE 挖掘任务已停止，正在重新启动...
2026-02-01 00:25:23 - 启动 CVE 挖掘任务...
2026-02-01 00:25:23 - CVE 挖掘任务已启动，PID: 80767
2026-02-01 00:25:23 - 等待 5 秒钟让任务稳定...
2026-02-01 00:26:28 - 检测到 CVE 挖掘任务已停止，正在重新启动...
2026-02-01 00:26:28 - 启动 CVE 挖掘任务...
2026-02-01 00:26:28 - CVE 挖掘任务已启动，PID: 80829
2026-02-01 00:26:28 - 等待 5 秒钟让任务稳定...
2026-02-01 00:27:33 - 检测到 CVE 挖掘任务已停止，正在重新启动...
2026-02-01 00:27:33 - 启动 CVE 挖掘任务...
2026-02-01 00:27:33 - CVE 挖掘任务已启动，PID: 80906
2026-02-01 00:27:33 - 等待 5 秒钟让任务稳定...
2026-02-01 00:28:38 - 检测到 CVE 挖掘任务已停止，正在重新启动...
2026-02-01 00:28:38 - 启动 CVE 挖掘任务...
2026-02-01 00:28:38 - CVE 挖掘任务已启动，PID: 80971
2026-02-01 00:28:38 - 等待 5 秒钟让任务稳定...
2026-02-01 00:29:43 - 检测到 CVE 挖掘任务已停止，正在重新启动...
2026-02-01 00:29:43 - 启动 CVE 挖掘任务...
2026-02-01 00:29:43 - CVE 挖掘任务已启动，PID: 81040
2026-02-01 00:29:43 - 等待 5 秒钟让任务稳定...
2026-02-01 00:30:48 - 检测到 CVE 挖掘任务已停止，正在重新启动...
2026-02-01 00:30:48 - 启动 CVE 挖掘任务...
2026-02-01 00:30:48 - CVE 挖掘任务已启动，PID: 81128
2026-02-01 00:30:48 - 等待 5 秒钟让任务稳定...
2026-02-01 00:31:53 - 检测到 CVE 挖掘任务已停止，正在重新启动...
2026-02-01 00:31:53 - 启动 CVE 挖掘任务...
2026-02-01 00:31:53 - CVE 挖掘任务已启动，PID: 81194
2026-02-01 00:31:53 - 等待 5 秒钟让任务稳定...
2026-02-01 00:32:58 - 检测到 CVE 挖掘任务已停止，正在重新启动...
2026-02-01 00:32:58 - 启动 CVE 挖掘任务...
2026-02-01 00:32:58 - CVE 挖掘任务已启动，PID: 81255
2026-02-01 00:32:58 - 等待 5 秒钟让任务稳定...
2026-02-01 00:34:03 - 检测到 CVE 挖掘任务已停止，正在重新启动...
2026-02-01 00:34:03 - 启动 CVE 挖掘任务...
2026-02-01 00:34:03 - CVE 挖掘任务已启动，PID: 81314
2026-02-01 00:34:03 - 等待 5 秒钟让任务稳定...
2026-02-01 00:35:08 - 检测到 CVE 挖掘任务已停止，正在重新启动...
2026-02-01 00:35:08 - 启动 CVE 挖掘任务...
2026-02-01 00:35:08 - CVE 挖掘任务已启动，PID: 81396
2026-02-01 00:35:08 - 等待 5 秒钟让任务稳定...
2026-02-01 00:36:13 - 检测到 CVE 挖掘任务已停止，正在重新启动...
2026-02-01 00:36:13 - 启动 CVE 挖掘任务...
2026-02-01 00:36:13 - CVE 挖掘任务已启动，PID: 81455
2026-02-01 00:36:13 - 等待 5 秒钟让任务稳定...
2026-02-01 00:37:18 - 检测到 CVE 挖掘任务已停止，正在重新启动...
2026-02-01 00:37:18 - 启动 CVE 挖掘任务...
2026-02-01 00:37:18 - CVE 挖掘任务已启动，PID: 81517
2026-02-01 00:37:18 - 等待 5 秒钟让任务稳定...
2026-02-01 00:38:24 - 检测到 CVE 挖掘任务已停止，正在重新启动...
2026-02-01 00:38:24 - 启动 CVE 挖掘任务...
2026-02-01 00:38:24 - CVE 挖掘任务已启动，PID: 81582
2026-02-01 00:38:24 - 等待 5 秒钟让任务稳定...
2026-02-01 00:39:29 - 检测到 CVE 挖掘任务已停止，正在重新启动...
2026-02-01 00:39:29 - 启动 CVE 挖掘任务...
2026-02-01 00:39:29 - CVE 挖掘任务已启动，PID: 81651
2026-02-01 00:39:29 - 等待 5 秒钟让任务稳定...
2026-02-01 00:40:34 - 检测到 CVE 挖掘任务已停止，正在重新启动...
2026-02-01 00:40:34 - 启动 CVE 挖掘任务...
2026-02-01 00:40:34 - CVE 挖掘任务已启动，PID: 81731
2026-02-01 00:40:34 - 等待 5 秒钟让任务稳定...
2026-02-01 00:41:39 - 检测到 CVE 挖掘任务已停止，正在重新启动...
2026-02-01 00:41:39 - 启动 CVE 挖掘任务...
2026-02-01 00:41:39 - CVE 挖掘任务已启动，PID: 81812
2026-02-01 00:41:39 - 等待 5 秒钟让任务稳定...
2026-02-01 00:42:44 - 检测到 CVE 挖掘任务已停止，正在重新启动...
2026-02-01 00:42:44 - 启动 CVE 挖掘任务...
2026-02-01 00:42:44 - CVE 挖掘任务已启动，PID: 81875
2026-02-01 00:42:44 - 等待 5 秒钟让任务稳定...
2026-02-01 00:43:49 - 检测到 CVE 挖掘任务已停止，正在重新启动...
2026-02-01 00:43:49 - 启动 CVE 挖掘任务...
2026-02-01 00:43:49 - CVE 挖掘任务已启动，PID: 81936
2026-02-01 00:43:49 - 等待 5 秒钟让任务稳定...
2026-02-01 00:44:54 - 检测到 CVE 挖掘任务已停止，正在重新启动...
2026-02-01 00:44:54 - 启动 CVE 挖掘任务...
2026-02-01 00:44:54 - CVE 挖掘任务已启动，PID: 82018
2026-02-01 00:44:54 - 等待 5 秒钟让任务稳定...
2026-02-01 00:45:59 - 检测到 CVE 挖掘任务已停止，正在重新启动...
2026-02-01 00:45:59 - 启动 CVE 挖掘任务...
2026-02-01 00:45:59 - CVE 挖掘任务已启动，PID: 82078
2026-02-01 00:45:59 - 等待 5 秒钟让任务稳定...
2026-02-01 00:47:04 - 检测到 CVE 挖掘任务已停止，正在重新启动...
2026-02-01 00:47:04 - 启动 CVE 挖掘任务...
2026-02-01 00:47:04 - CVE 挖掘任务已启动，PID: 82143
2026-02-01 00:47:04 - 等待 5 秒钟让任务稳定...
2026-02-01 00:48:09 - 检测到 CVE 挖掘任务已停止，正在重新启动...
2026-02-01 00:48:09 - 启动 CVE 挖掘任务...
2026-02-01 00:48:09 - CVE 挖掘任务已启动，PID: 82201
2026-02-01 00:48:09 - 等待 5 秒钟让任务稳定...
2026-02-01 00:49:14 - 检测到 CVE 挖掘任务已停止，正在重新启动...
2026-02-01 00:49:14 - 启动 CVE 挖掘任务...
2026-02-01 00:49:14 - CVE 挖掘任务已启动，PID: 82266
2026-02-01 00:49:14 - 等待 5 秒钟让任务稳定...
2026-02-01 00:50:19 - 检测到 CVE 挖掘任务已停止，正在重新启动...
2026-02-01 00:50:19 - 启动 CVE 挖掘任务...
2026-02-01 00:50:19 - CVE 挖掘任务已启动，PID: 82347
2026-02-01 00:50:19 - 等待 5 秒钟让任务稳定...
2026-02-01 00:51:24 - 检测到 CVE 挖掘任务已停止，正在重新启动...
2026-02-01 00:51:24 - 启动 CVE 挖掘任务...
2026-02-01 00:51:24 - CVE 挖掘任务已启动，PID: 82427
2026-02-01 00:51:24 - 等待 5 秒钟让任务稳定...
2026-02-01 00:52:29 - 检测到 CVE 挖掘任务已停止，正在重新启动...
2026-02-01 00:52:29 - 启动 CVE 挖掘任务...
2026-02-01 00:52:29 - CVE 挖掘任务已启动，PID: 82488
2026-02-01 00:52:29 - 等待 5 秒钟让任务稳定...
2026-02-01 00:53:34 - 检测到 CVE 挖掘任务已停止，正在重新启动...
2026-02-01 00:53:34 - 启动 CVE 挖掘任务...
2026-02-01 00:53:34 - CVE 挖掘任务已启动，PID: 82551
2026-02-01 00:53:34 - 等待 5 秒钟让任务稳定...
2026-02-01 00:54:39 - 检测到 CVE 挖掘任务已停止，正在重新启动...
2026-02-01 00:54:39 - 启动 CVE 挖掘任务...
2026-02-01 00:54:39 - CVE 挖掘任务已启动，PID: 82642
2026-02-01 00:54:39 - 等待 5 秒钟让任务稳定...
2026-02-01 00:55:44 - 检测到 CVE 挖掘任务已停止，正在重新启动...
2026-02-01 00:55:44 - 启动 CVE 挖掘任务...
2026-02-01 00:55:44 - CVE 挖掘任务已启动，PID: 82734
2026-02-01 00:55:44 - 等待 5 秒钟让任务稳定...
2026-02-01 00:56:49 - 检测到 CVE 挖掘任务已停止，正在重新启动...
2026-02-01 00:56:49 - 启动 CVE 挖掘任务...
2026-02-01 00:56:49 - CVE 挖掘任务已启动，PID: 82801
2026-02-01 00:56:49 - 等待 5 秒钟让任务稳定...
2026-02-01 00:57:54 - 检测到 CVE 挖掘任务已停止，正在重新启动...
2026-02-01 00:57:54 - 启动 CVE 挖掘任务...
2026-02-01 00:57:54 - CVE 挖掘任务已启动，PID: 82877
2026-02-01 00:57:54 - 等待 5 秒钟让任务稳定...
2026-02-01 00:58:59 - 检测到 CVE 挖掘任务已停止，正在重新启动...
2026-02-01 00:58:59 - 启动 CVE 挖掘任务...
2026-02-01 00:58:59 - CVE 挖掘任务已启动，PID: 82953
2026-02-01 00:58:59 - 等待 5 秒钟让任务稳定...
2026-02-01 01:00:04 - 检测到 CVE 挖掘任务已停止，正在重新启动...
2026-02-01 01:00:04 - 启动 CVE 挖掘任务...
2026-02-01 01:00:04 - CVE 挖掘任务已启动，PID: 83026
2026-02-01 01:00:04 - 等待 5 秒钟让任务稳定...
2026-02-01 01:01:09 - 检测到 CVE 挖掘任务已停止，正在重新启动...
2026-02-01 01:01:09 - 启动 CVE 挖掘任务...
2026-02-01 01:01:09 - CVE 挖掘任务已启动，PID: 83116
2026-02-01 01:01:09 - 等待 5 秒钟让任务稳定...
2026-02-01 01:02:14 - 检测到 CVE 挖掘任务已停止，正在重新启动...
2026-02-01 01:02:14 - 启动 CVE 挖掘任务...
2026-02-01 01:02:14 - CVE 挖掘任务已启动，PID: 83178
2026-02-01 01:02:14 - 等待 5 秒钟让任务稳定...
2026-02-01 01:03:19 - 检测到 CVE 挖掘任务已停止，正在重新启动...
2026-02-01 01:03:19 - 启动 CVE 挖掘任务...
2026-02-01 01:03:19 - CVE 挖掘任务已启动，PID: 83237
2026-02-01 01:03:19 - 等待 5 秒钟让任务稳定...
2026-02-01 01:04:25 - 检测到 CVE 挖掘任务已停止，正在重新启动...
2026-02-01 01:04:25 - 启动 CVE 挖掘任务...
2026-02-01 01:04:25 - CVE 挖掘任务已启动，PID: 83300
2026-02-01 01:04:25 - 等待 5 秒钟让任务稳定...
2026-02-01 01:05:30 - 检测到 CVE 挖掘任务已停止，正在重新启动...
2026-02-01 01:05:30 - 启动 CVE 挖掘任务...
2026-02-01 01:05:30 - CVE 挖掘任务已启动，PID: 83381
2026-02-01 01:05:30 - 等待 5 秒钟让任务稳定...
2026-02-01 01:06:35 - 检测到 CVE 挖掘任务已停止，正在重新启动...
2026-02-01 01:06:35 - 启动 CVE 挖掘任务...
2026-02-01 01:06:35 - CVE 挖掘任务已启动，PID: 83444
2026-02-01 01:06:35 - 等待 5 秒钟让任务稳定...
2026-02-01 01:07:40 - 检测到 CVE 挖掘任务已停止，正在重新启动...
2026-02-01 01:07:40 - 启动 CVE 挖掘任务...
2026-02-01 01:07:40 - CVE 挖掘任务已启动，PID: 83510
2026-02-01 01:07:40 - 等待 5 秒钟让任务稳定...
2026-02-01 01:08:45 - 检测到 CVE 挖掘任务已停止，正在重新启动...
2026-02-01 01:08:45 - 启动 CVE 挖掘任务...
2026-02-01 01:08:45 - CVE 挖掘任务已启动，PID: 83570
2026-02-01 01:08:45 - 等待 5 秒钟让任务稳定...
2026-02-01 01:09:50 - 检测到 CVE 挖掘任务已停止，正在重新启动...
2026-02-01 01:09:50 - 启动 CVE 挖掘任务...
2026-02-01 01:09:50 - CVE 挖掘任务已启动，PID: 83632
2026-02-01 01:09:50 - 等待 5 秒钟让任务稳定...
2026-02-01 01:10:55 - 检测到 CVE 挖掘任务已停止，正在重新启动...
2026-02-01 01:10:55 - 启动 CVE 挖掘任务...
2026-02-01 01:10:55 - CVE 挖掘任务已启动，PID: 83732
2026-02-01 01:10:55 - 等待 5 秒钟让任务稳定...
2026-02-01 01:12:00 - 检测到 CVE 挖掘任务已停止，正在重新启动...
2026-02-01 01:12:00 - 启动 CVE 挖掘任务...
2026-02-01 01:12:00 - CVE 挖掘任务已启动，PID: 83806
2026-02-01 01:12:00 - 等待 5 秒钟让任务稳定...
2026-02-01 01:13:05 - 检测到 CVE 挖掘任务已停止，正在重新启动...
2026-02-01 01:13:05 - 启动 CVE 挖掘任务...
2026-02-01 01:13:05 - CVE 挖掘任务已启动，PID: 83875
2026-02-01 01:13:05 - 等待 5 秒钟让任务稳定...
2026-02-01 01:14:10 - 检测到 CVE 挖掘任务已停止，正在重新启动...
2026-02-01 01:14:10 - 启动 CVE 挖掘任务...
2026-02-01 01:14:10 - CVE 挖掘任务已启动，PID: 83943
2026-02-01 01:14:10 - 等待 5 秒钟让任务稳定...
2026-02-01 01:15:15 - 检测到 CVE 挖掘任务已停止，正在重新启动...
2026-02-01 01:15:15 - 启动 CVE 挖掘任务...
2026-02-01 01:15:15 - CVE 挖掘任务已启动，PID: 84013
2026-02-01 01:15:15 - 等待 5 秒钟让任务稳定...
2026-02-01 01:15:50 - 收到停止信号，正在清理...
2026-02-01 01:15:50 - CVE 挖掘任务未运行
2026-02-01 01:15:50 - 监控已停止
